<?xml version="1.0" encoding="UTF-8"?>
<coverage generated="1596752582962" clover="3.2.0">
  <project timestamp="1596752582962" name="All files">
    <metrics statements="24" coveredstatements="15" conditionals="12" coveredconditionals="8" methods="2" coveredmethods="1" elements="38" coveredelements="24" complexity="0" loc="24" ncloc="24" packages="1" files="1" classes="1"/>
    <file name="validator.js" path="C:\Users\HP\Desktop\laboratoria\PROYECTO\LIM013-card-validation\src\validator.js">
      <metrics statements="24" coveredstatements="15" conditionals="12" coveredconditionals="8" methods="2" coveredmethods="1"/>
      <line num="3" count="1" type="stmt"/>
      <line num="7" count="1" type="stmt"/>
      <line num="8" count="1" type="cond" truecount="3" falsecount="1"/>
      <line num="9" count="0" type="stmt"/>
      <line num="11" count="1" type="stmt"/>
      <line num="14" count="13" type="stmt"/>
      <line num="18" count="13" type="cond" truecount="1" falsecount="1"/>
      <line num="19" count="0" type="stmt"/>
      <line num="22" count="13" type="cond" truecount="2" falsecount="0"/>
      <line num="24" count="6" type="stmt"/>
      <line num="26" count="6" type="cond" truecount="2" falsecount="0"/>
      <line num="29" count="3" type="stmt"/>
      <line num="33" count="13" type="stmt"/>
      <line num="35" count="13" type="stmt"/>
      <line num="37" count="13" type="stmt"/>
      <line num="41" count="1" type="stmt"/>
      <line num="84" count="0" type="stmt"/>
      <line num="85" count="0" type="stmt"/>
      <line num="87" count="0" type="stmt"/>
      <line num="88" count="0" type="cond" truecount="0" falsecount="2"/>
      <line num="89" count="0" type="stmt"/>
      <line num="91" count="0" type="stmt"/>
      <line num="94" count="0" type="stmt"/>
      <line num="98" count="1" type="stmt"/>
    </file>
  </project>
</coverage>
