{"C:\\Users\\HP\\Desktop\\laboratoria\\PROYECTO\\LIM013-card-validation\\src\\validator.js": {"path":"C:\\Users\\HP\\Desktop\\laboratoria\\PROYECTO\\LIM013-card-validation\\src\\validator.js","statementMap":{"0":{"start":{"line":3,"column":18},"end":{"line":96,"column":3}},"1":{"start":{"line":7,"column":14},"end":{"line":7,"column":15}},"2":{"start":{"line":7,"column":23},"end":{"line":7,"column":28}},"3":{"start":{"line":7,"column":31},"end":{"line":7,"column":48}},"4":{"start":{"line":8,"column":4},"end":{"line":10,"column":5}},"5":{"start":{"line":9,"column":6},"end":{"line":9,"column":20}},"6":{"start":{"line":11,"column":4},"end":{"line":39,"column":3}},"7":{"start":{"line":14,"column":6},"end":{"line":14,"column":45}},"8":{"start":{"line":18,"column":6},"end":{"line":20,"column":7}},"9":{"start":{"line":19,"column":8},"end":{"line":19,"column":22}},"10":{"start":{"line":22,"column":6},"end":{"line":31,"column":5}},"11":{"start":{"line":24,"column":8},"end":{"line":24,"column":18}},"12":{"start":{"line":26,"column":8},"end":{"line":30,"column":7}},"13":{"start":{"line":29,"column":10},"end":{"line":29,"column":31}},"14":{"start":{"line":33,"column":4},"end":{"line":33,"column":19}},"15":{"start":{"line":35,"column":4},"end":{"line":35,"column":18}},"16":{"start":{"line":37,"column":4},"end":{"line":37,"column":8}},"17":{"start":{"line":41,"column":2},"end":{"line":41,"column":22}},"18":{"start":{"line":84,"column":15},"end":{"line":84,"column":32}},"19":{"start":{"line":85,"column":13},"end":{"line":85,"column":15}},"20":{"start":{"line":87,"column":5},"end":{"line":93,"column":6}},"21":{"start":{"line":87,"column":16},"end":{"line":87,"column":17}},"22":{"start":{"line":88,"column":7},"end":{"line":92,"column":8}},"23":{"start":{"line":89,"column":9},"end":{"line":89,"column":29}},"24":{"start":{"line":91,"column":9},"end":{"line":91,"column":21}},"25":{"start":{"line":94,"column":5},"end":{"line":94,"column":19}},"26":{"start":{"line":98,"column":27},"end":{"line":98,"column":34}}},"fnMap":{"0":{"name":"(anonymous_0)","decl":{"start":{"line":5,"column":11},"end":{"line":5,"column":12}},"loc":{"start":{"line":5,"column":29},"end":{"line":42,"column":5}},"line":5},"1":{"name":"(anonymous_1)","decl":{"start":{"line":82,"column":9},"end":{"line":82,"column":10}},"loc":{"start":{"line":82,"column":27},"end":{"line":95,"column":5}},"line":82}},"branchMap":{"0":{"loc":{"start":{"line":8,"column":4},"end":{"line":10,"column":5}},"type":"if","locations":[{"start":{"line":8,"column":4},"end":{"line":10,"column":5}},{"start":{"line":8,"column":4},"end":{"line":10,"column":5}}],"line":8},"1":{"loc":{"start":{"line":8,"column":7},"end":{"line":8,"column":45}},"type":"binary-expr","locations":[{"start":{"line":8,"column":7},"end":{"line":8,"column":25}},{"start":{"line":8,"column":27},"end":{"line":8,"column":45}}],"line":8},"2":{"loc":{"start":{"line":18,"column":6},"end":{"line":20,"column":7}},"type":"if","locations":[{"start":{"line":18,"column":6},"end":{"line":20,"column":7}},{"start":{"line":18,"column":6},"end":{"line":20,"column":7}}],"line":18},"3":{"loc":{"start":{"line":22,"column":6},"end":{"line":31,"column":5}},"type":"if","locations":[{"start":{"line":22,"column":6},"end":{"line":31,"column":5}},{"start":{"line":22,"column":6},"end":{"line":31,"column":5}}],"line":22},"4":{"loc":{"start":{"line":26,"column":8},"end":{"line":30,"column":7}},"type":"if","locations":[{"start":{"line":26,"column":8},"end":{"line":30,"column":7}},{"start":{"line":26,"column":8},"end":{"line":30,"column":7}}],"line":26},"5":{"loc":{"start":{"line":88,"column":7},"end":{"line":92,"column":8}},"type":"if","locations":[{"start":{"line":88,"column":7},"end":{"line":92,"column":8}},{"start":{"line":88,"column":7},"end":{"line":92,"column":8}}],"line":88}},"s":{"0":1,"1":1,"2":1,"3":1,"4":1,"5":0,"6":1,"7":13,"8":13,"9":0,"10":13,"11":6,"12":6,"13":3,"14":13,"15":13,"16":13,"17":1,"18":0,"19":0,"20":0,"21":0,"22":0,"23":0,"24":0,"25":0,"26":1},"f":{"0":1,"1":0},"b":{"0":[0,1],"1":[1,1],"2":[0,13],"3":[6,7],"4":[3,3],"5":[0,0]},"_coverageSchema":"43e27e138ebf9cfc5966b082cf9a028302ed4184","hash":"a89f1346de5f1505d9bb8e4a44c56ca0549dd30a"}
}
