TN:
SF:C:\Users\HP\Desktop\laboratoria\PROYECTO\LIM013-card-validation\src\validator.js
FN:5,(anonymous_0)
FN:82,(anonymous_1)
FNF:2
FNH:1
FNDA:1,(anonymous_0)
FNDA:0,(anonymous_1)
DA:3,1
DA:7,1
DA:8,1
DA:9,0
DA:11,1
DA:14,13
DA:18,13
DA:19,0
DA:22,13
DA:24,6
DA:26,6
DA:29,3
DA:33,13
DA:35,13
DA:37,13
DA:41,1
DA:84,0
DA:85,0
DA:87,0
DA:88,0
DA:89,0
DA:91,0
DA:94,0
DA:98,1
LF:24
LH:15
BRDA:8,0,0,0
BRDA:8,0,1,1
BRDA:8,1,0,1
BRDA:8,1,1,1
BRDA:18,2,0,0
BRDA:18,2,1,13
BRDA:22,3,0,6
BRDA:22,3,1,7
BRDA:26,4,0,3
BRDA:26,4,1,3
BRDA:88,5,0,0
BRDA:88,5,1,0
BRF:12
BRH:8
end_of_record
